
Port 6900 is already in use. Using port 6901.



To access this data from OpenBB Workspace, use the link displayed after the application startup completes.
Chrome is the recommended browser. Other browsers may conflict or require additional configuration.
Documentation is available at /docs.

[32mINFO[0m:     Started server process [[36m49769[0m]
[32mINFO[0m:     Waiting for application startup.
[32mINFO[0m:     

                   ‚Ėą‚Ėą‚Ėą‚ēó
  ‚Ėą‚Ėą‚Ėą‚Ėą‚Ėą‚Ėą‚Ėą‚Ėą‚Ėą‚Ėą‚Ėą‚Ėą‚Ėą‚Ėą‚Ėą‚Ėą‚Ėą‚ēĒ‚ēź‚ēź‚Ėą‚Ėą‚Ėą‚Ėą‚Ėą‚Ėą‚Ėą‚Ėą‚Ėą‚Ėą‚Ėą‚Ėą‚Ėą‚Ėą‚Ėą‚Ėą‚Ėą‚ēó       OpenBB Platform v4.6.0dev
  ‚Ėą‚Ėą‚Ėą‚ēĒ‚ēź‚ēź‚ēź‚ēź‚ēź‚ēź‚ēź‚ēź‚ēź‚ēź‚Ėą‚Ėą‚Ėą‚ēĎ  ‚Ėą‚Ėą‚Ėą‚ēĒ‚ēź‚ēź‚ēź‚ēź‚ēź‚ēź‚ēź‚ēź‚ēź‚ēź‚Ėą‚Ėą‚Ėą‚ēĎ
  ‚Ėą‚Ėą‚Ėą‚Ėą‚Ėą‚Ėą‚Ėą‚Ėą‚Ėą‚Ėą‚Ėą‚Ėą‚Ėą‚Ėą‚Ėą‚Ėą‚Ėą‚ēĎ  ‚Ėą‚Ėą‚Ėą‚Ėą‚Ėą‚Ėą‚Ėą‚Ėą‚Ėą‚Ėą‚Ėą‚Ėą‚Ėą‚Ėą‚Ėą‚Ėą‚Ėą‚ēĎ       Authentication: DISABLED
  ‚ēö‚ēź‚ēź‚ēź‚ēź‚ēź‚ēź‚ēź‚ēź‚ēź‚ēź‚ēź‚ēź‚ēź‚Ėą‚Ėą‚Ėą‚ēĎ  ‚Ėą‚Ėą‚Ėą‚ēĒ‚ēź‚ēź‚ēź‚ēź‚ēź‚ēź‚ēź‚ēź‚ēź‚ēź‚ēź‚ēź‚ēź‚ēĚ
     ‚Ėą‚Ėą‚Ėą‚Ėą‚Ėą‚Ėą‚Ėą‚Ėą‚Ėą‚Ėą‚Ėą‚Ėą‚Ėą‚Ėą‚ēĎ  ‚Ėą‚Ėą‚Ėą‚Ėą‚Ėą‚Ėą‚Ėą‚Ėą‚Ėą‚Ėą‚Ėą‚Ėą‚Ėą‚Ėą‚ēó
     ‚Ėą‚Ėą‚Ėą‚ēĒ‚ēź‚ēź‚ēź‚ēź‚ēź‚ēź‚ēź‚Ėą‚Ėą‚Ėą‚ēĎ  ‚Ėą‚Ėą‚Ėą‚ēĒ‚ēź‚ēź‚ēź‚ēź‚ēź‚ēź‚ēź‚Ėą‚Ėą‚Ėą‚ēĎ
     ‚Ėą‚Ėą‚Ėą‚Ėą‚Ėą‚Ėą‚Ėą‚Ėą‚Ėą‚Ėą‚Ėą‚Ėą‚Ėą‚Ėą‚ēĎ  ‚Ėą‚Ėą‚Ėą‚Ėą‚Ėą‚Ėą‚Ėą‚Ėą‚Ėą‚Ėą‚Ėą‚Ėą‚Ėą‚Ėą‚ēĎ
     ‚ēö‚ēź‚ēź‚ēź‚ēź‚ēź‚ēź‚ēź‚ēź‚ēź‚ēź‚ēź‚ēź‚ēź‚ēĚ  ‚ēö‚ēź‚ēź‚ēź‚ēź‚ēź‚ēź‚ēź‚ēź‚ēź‚ēź‚ēź‚ēź‚ēź‚ēĚ
Investment research for everyone, anywhere.

    https://my.openbb.co/app/platform


[32mINFO[0m:     Application startup complete.
[32mINFO[0m:     Uvicorn running on [1mhttp://127.0.0.1:6901[0m (Press CTRL+C to quit)
